======================================================================
LOG: 2026-02-13 16:12:34
======================================================================

Champion: Fiora Level 11
  AD: 95.0  AP: 0.0  HP: 1488.8  AR: 74.2  MR: 50.0
  AS: 0.884  Lethality: 0.0  Armor Pen %: 0%  Life Steal: 0%  Omnivamp: 0%
Target: HP=2000  Armor=80  MR=50

----------------------------------------------------------------------
Blade of the Ruined King + Profane Hydra — PressTheAttack
Total: 2704.7 dmg | 676.18 DPS | 500.78 heal
Sequence: AA > AA > HYDRA_ACTIVE > AA > R_ACTIVATE > Q > AA > W > AA > E_ACTIVATE > E_FIRST > E_CRIT > AA

Timeline:
    0.00s  AA            dmg=  371.5  heal=  91.8  BotRK(111), vital(140.0)
    0.95s  AA            dmg=  210.8  heal=  16.9  BotRK(90)
    1.08s  HYDRA_ACTIVE  dmg=   96.3  heal=   0.0  AA-reset, dmg(96)
    1.08s  AA            dmg=  272.5  heal=  15.9  BotRK(79), PtA-proc(73.4)
    1.21s  R_ACTIVATE    dmg=    0.0  heal=   0.0  instant, 4-vitals
    1.21s  Q             dmg=  210.3  heal=  16.8  AA-reset, BotRK(64)
    1.46s  AA            dmg=  181.9  heal=  14.6  BotRK(52)
    1.71s  W             dmg=  259.2  heal=  73.2  vital(151.2)
    2.46s  AA            dmg=  308.6  heal=  85.8  BotRK(27), vital(151.2)
    2.59s  E_ACTIVATE    dmg=    0.0  heal=   0.0  instant, AA-reset
    2.59s  E_FIRST       dmg=  291.5  heal=  84.5  E-first, BotRK(10), vital(151.2)
    3.27s  E_CRIT        dmg=  372.2  heal=  90.9  E-crit, BotRK(0), vital(151.2)
    3.95s  AA            dmg=  130.0  heal=  10.4  BotRK(0)
----------------------------------------------------------------------
