======================================================================
BUILD OPTIMIZER LOG: 2026-02-13 16:12:59
======================================================================

Champion: Fiora Level 11
  AD: 95.0  AP: 0.0  HP: 1488.8  AR: 74.2  MR: 50.0
  AS: 0.884  Lethality: 0.0  Armor Pen %: 0%  Life Steal: 0%  Omnivamp: 0%
Target: HP=2000  Armor=80  MR=50
Time limit: 4.0s
Rune: PressTheAttack

======================================================================
RANKINGS
======================================================================
  # 1: Blade of the Ruined King + Profane Hydra              676.2 DPS  ( 2704.7 dmg,  500.8 heal)
  # 2: Wit's End + Profane Hydra                             665.5 DPS  ( 2661.9 dmg,  439.4 heal)
  # 3: Kraken Slayer + Profane Hydra                         653.5 DPS  ( 2614.2 dmg,  366.2 heal)
  # 4: Blade of the Ruined King + Ravenous Hydra             647.2 DPS  ( 2588.8 dmg,  647.0 heal)
  # 5: Wit's End + Ravenous Hydra                            644.0 DPS  ( 2575.9 dmg,  581.7 heal)

======================================================================
#1 DETAIL
======================================================================
Blade of the Ruined King + Profane Hydra — PressTheAttack
Total: 2704.7 dmg | 676.18 DPS | 500.78 heal
Sequence: AA > AA > HYDRA_ACTIVE > AA > R_ACTIVATE > Q > AA > W > AA > E_ACTIVATE > E_FIRST > E_CRIT > AA

Timeline:
    0.00s  AA            dmg=  371.5  heal=  91.8  BotRK(111), vital(140.0)
    0.95s  AA            dmg=  210.8  heal=  16.9  BotRK(90)
    1.08s  HYDRA_ACTIVE  dmg=   96.3  heal=   0.0  AA-reset, dmg(96)
    1.08s  AA            dmg=  272.5  heal=  15.9  BotRK(79), PtA-proc(73.4)
    1.21s  R_ACTIVATE    dmg=    0.0  heal=   0.0  instant, 4-vitals
    1.21s  Q             dmg=  210.3  heal=  16.8  AA-reset, BotRK(64)
    1.46s  AA            dmg=  181.9  heal=  14.6  BotRK(52)
    1.71s  W             dmg=  259.2  heal=  73.2  vital(151.2)
    2.46s  AA            dmg=  308.6  heal=  85.8  BotRK(27), vital(151.2)
    2.59s  E_ACTIVATE    dmg=    0.0  heal=   0.0  instant, AA-reset
    2.59s  E_FIRST       dmg=  291.5  heal=  84.5  E-first, BotRK(10), vital(151.2)
    3.27s  E_CRIT        dmg=  372.2  heal=  90.9  E-crit, BotRK(0), vital(151.2)
    3.95s  AA            dmg=  130.0  heal=  10.4  BotRK(0)

======================================================================
#2 DETAIL
======================================================================
Wit's End + Profane Hydra — PressTheAttack
Total: 2661.86 dmg | 665.46 DPS | 439.44 heal
Sequence: AA > HYDRA_ACTIVE > R_ACTIVATE > AA > W > AA > Q > AA > AA > E_ACTIVATE > E_FIRST > E_CRIT > AA

Timeline:
    0.00s  AA            dmg=  290.4  heal=  73.2  on-hit-M(30), vital(140.0)
    0.12s  HYDRA_ACTIVE  dmg=   96.3  heal=   0.0  AA-reset, dmg(96)
    0.12s  R_ACTIVATE    dmg=    0.0  heal=   0.0  instant, 4-vitals
    0.12s  AA            dmg=  150.3  heal=   0.0  on-hit-M(30)
    0.24s  W             dmg=  240.0  heal=  73.2  vital(140.0)
    0.99s  AA            dmg=  363.7  heal=  73.2  on-hit-M(30), vital(140.0), PtA-proc(73.4)
    1.11s  Q             dmg=  327.9  heal=  73.2  AA-reset, on-hit-M(30), vital(151.2)
    1.36s  AA            dmg=  311.2  heal=  73.2  on-hit-M(30), vital(151.2)
    2.22s  AA            dmg=  160.0  heal=   0.0  on-hit-M(30)
    2.34s  E_ACTIVATE    dmg=    0.0  heal=   0.0  instant, AA-reset
    2.34s  E_FIRST       dmg=  160.0  heal=   0.0  E-first, on-hit-M(30)
    2.97s  E_CRIT        dmg=  251.0  heal=   0.0  E-crit, on-hit-M(30)
    3.61s  AA            dmg=  311.2  heal=  73.2  on-hit-M(30), vital(151.2)

======================================================================
#3 DETAIL
======================================================================
Kraken Slayer + Profane Hydra — PressTheAttack
Total: 2614.2 dmg | 653.55 DPS | 366.2 heal
Sequence: AA > AA > HYDRA_ACTIVE > AA > R_ACTIVATE > Q > AA > W > AA > E_ACTIVATE > E_FIRST > E_CRIT > AA

Timeline:
    0.00s  AA            dmg=  260.4  heal=  73.2  vital(140.0)
    0.95s  AA            dmg=  120.3  heal=   0.0  
    1.08s  HYDRA_ACTIVE  dmg=   96.3  heal=   0.0  AA-reset, dmg(96)
    1.08s  AA            dmg=  308.1  heal=   0.0  Kraken(114), PtA-proc(73.4)
    1.21s  R_ACTIVATE    dmg=    0.0  heal=   0.0  instant, 4-vitals
    1.21s  Q             dmg=  146.7  heal=   0.0  AA-reset
    1.46s  AA            dmg=  130.0  heal=   0.0  
    1.71s  W             dmg=  259.2  heal=  73.2  vital(151.2)
    2.46s  AA            dmg=  395.6  heal=  73.2  Kraken(114), vital(151.2)
    2.59s  E_ACTIVATE    dmg=    0.0  heal=   0.0  instant, AA-reset
    2.59s  E_FIRST       dmg=  281.2  heal=  73.2  E-first, vital(151.2)
    3.27s  E_CRIT        dmg=  372.2  heal=  73.2  E-crit, vital(151.2)
    3.95s  AA            dmg=  244.4  heal=   0.0  Kraken(114)

======================================================================
#4 DETAIL
======================================================================
Blade of the Ruined King + Ravenous Hydra — PressTheAttack
Total: 2588.77 dmg | 647.19 DPS | 646.96 heal
Sequence: AA > AA > HYDRA_ACTIVE > AA > R_ACTIVATE > Q > AA > W > AA > E_ACTIVATE > E_FIRST > E_CRIT > AA

Timeline:
    0.00s  AA            dmg=  355.1  heal= 111.2  BotRK(100), vital(144.0)
    0.95s  AA            dmg=  193.3  heal=  34.8  BotRK(82)
    1.08s  HYDRA_ACTIVE  dmg=   88.9  heal=   0.0  AA-reset, dmg(89)
    1.08s  AA            dmg=  249.7  heal=  33.1  BotRK(73), PtA-proc(66.0)
    1.21s  R_ACTIVATE    dmg=    0.0  heal=   0.0  instant, 4-vitals
    1.21s  Q             dmg=  195.4  heal=  35.2  AA-reset, BotRK(60)
    1.46s  AA            dmg=  170.3  heal=  30.7  BotRK(50)
    1.71s  W             dmg=  263.5  heal=  73.2  vital(155.5)
    2.46s  AA            dmg=  304.1  heal= 100.0  BotRK(29), vital(155.5)
    2.59s  E_ACTIVATE    dmg=    0.0  heal=   0.0  instant, AA-reset
    2.59s  E_FIRST       dmg=  288.9  heal=  97.2  E-first, BotRK(13), vital(155.5)
    3.27s  E_CRIT        dmg=  359.5  heal= 110.0  E-crit, BotRK(0), vital(155.5)
    3.95s  AA            dmg=  120.0  heal=  21.6  BotRK(0)

======================================================================
#5 DETAIL
======================================================================
Wit's End + Ravenous Hydra — PressTheAttack
Total: 2575.93 dmg | 643.98 DPS | 581.7 heal
Sequence: AA > HYDRA_ACTIVE > R_ACTIVATE > AA > W > AA > Q > AA > AA > E_ACTIVATE > E_FIRST > E_CRIT > AA

Timeline:
    0.00s  AA            dmg=  285.1  heal=  87.3  on-hit-M(30), vital(144.0)
    0.12s  HYDRA_ACTIVE  dmg=   88.9  heal=   0.0  AA-reset, dmg(89)
    0.12s  R_ACTIVATE    dmg=    0.0  heal=   0.0  instant, 4-vitals
    0.12s  AA            dmg=  141.1  heal=  14.1  on-hit-M(30)
    0.24s  W             dmg=  244.0  heal=  73.2  vital(144.0)
    0.99s  AA            dmg=  351.1  heal=  87.3  on-hit-M(30), vital(144.0), PtA-proc(66.0)
    1.11s  Q             dmg=  320.8  heal=  89.8  AA-reset, on-hit-M(30), vital(155.5)
    1.36s  AA            dmg=  305.5  heal=  88.2  on-hit-M(30), vital(155.5)
    2.22s  AA            dmg=  150.0  heal=  15.0  on-hit-M(30)
    2.34s  E_ACTIVATE    dmg=    0.0  heal=   0.0  instant, AA-reset
    2.34s  E_FIRST       dmg=  150.0  heal=  15.0  E-first, on-hit-M(30)
    2.97s  E_CRIT        dmg=  234.0  heal=  23.4  E-crit, on-hit-M(30)
    3.61s  AA            dmg=  305.5  heal=  88.2  on-hit-M(30), vital(155.5)
