======================================================================
BUILD OPTIMIZER LOG: 2026-02-13 20:37:17
======================================================================

Champion: Fiora Level 9
  AD: 96.2  AP: 0.0  HP: 1367.3  AR: 64.7  MR: 45.8
  AS: 0.839  Lethality: 0.0  Armor Pen %: 0%  Life Steal: 2%  Omnivamp: 0%
Target: HP=3500  Armor=200  MR=80
Time limit: 4.0s
Rune: PressTheAttack

======================================================================
RANKINGS
======================================================================
  # 1: Blade of the Ruined King                              507.5 DPS  ( 2030.0 dmg,  437.2 heal)
  # 2: Ravenous Hydra                                        429.4 DPS  ( 1717.8 dmg,  390.7 heal)
  # 3: Profane Hydra                                         425.2 DPS  ( 1700.9 dmg,  340.9 heal)
  # 4: Wit's End                                             405.9 DPS  ( 1623.6 dmg,  343.8 heal)
  # 5: Titanic Hydra                                         402.5 DPS  ( 1609.9 dmg,  341.0 heal)
  # 6: Voltaic Cyclosword                                    386.8 DPS  ( 1547.1 dmg,  339.2 heal)
  # 7: Kraken Slayer                                         384.3 DPS  ( 1537.1 dmg,  341.7 heal)
  # 8: Death's Dance                                         378.4 DPS  ( 1513.8 dmg,  338.4 heal)
  # 9: Experimental Hexplate                                 378.4 DPS  ( 1513.8 dmg,  338.4 heal)
  #10: Sundered Sky                                          373.3 DPS  ( 1493.3 dmg,  338.8 heal)

======================================================================
#1 DETAIL
======================================================================
Blade of the Ruined King — PressTheAttack
Total: 2030.01 dmg | 507.5 DPS | 437.25 heal
Sequence: AA > Q > AA > E_ACTIVATE > E_FIRST > E_CRIT > AA > W > AA > AA

Timeline:
    0.00s  AA            dmg=  322.6  heal=  81.4  BotRK(105), vital(172.2)
    0.14s  Q             dmg=  321.8  heal=  81.3  AA-reset, BotRK(95), vital(172.2)
    0.39s  AA            dmg=  337.6  heal=  79.3  BotRK(86), vital(172.2), PtA-proc(34.4)
    0.52s  E_ACTIVATE    dmg=    0.0  heal=   0.0  instant, AA-reset
    0.52s  E_FIRST       dmg=  316.6  heal=  79.3  E-first, BotRK(82), vital(186.0)
    1.22s  E_CRIT        dmg=  154.7  heal=  16.2  E-crit, BotRK(71)
    1.93s  AA            dmg=  115.3  heal=  12.1  BotRK(66)
    2.06s  W             dmg=   66.0  heal=   0.0  
    2.92s  AA            dmg=  295.4  heal=  77.1  BotRK(60), vital(186.0)
    3.90s  AA            dmg=   99.9  heal=  10.5  BotRK(51)

======================================================================
#2 DETAIL
======================================================================
Ravenous Hydra — PressTheAttack
Total: 1717.78 dmg | 429.44 DPS | 390.7 heal
Sequence: AA > E_ACTIVATE > E_FIRST > Q > E_CRIT > AA > AA > HYDRA_ACTIVE > AA > W > AA

Timeline:
    0.00s  AA            dmg=  260.9  heal=  72.3  vital(207.2)
    0.16s  E_ACTIVATE    dmg=    0.0  heal=   0.0  instant, AA-reset
    0.16s  E_FIRST       dmg=  260.9  heal=  72.3  E-first, vital(207.2)
    0.27s  Q             dmg=  305.0  heal=  73.5  AA-reset, vital(207.2), PtA-proc(34.4)
    0.52s  E_CRIT        dmg=  322.5  heal=  77.9  E-crit, vital(223.8)
    1.32s  AA            dmg=   58.0  heal=   7.3  
    2.52s  AA            dmg=   58.0  heal=   7.3  
    2.68s  HYDRA_ACTIVE  dmg=   46.4  heal=   0.0  AA-reset, dmg(46)
    2.68s  AA            dmg=   58.0  heal=   7.3  
    2.88s  W             dmg=  289.8  heal=  65.6  vital(223.8)
    3.87s  AA            dmg=   58.0  heal=   7.3  

======================================================================
#3 DETAIL
======================================================================
Profane Hydra — PressTheAttack
Total: 1700.86 dmg | 425.21 DPS | 340.91 heal
Sequence: AA > Q > AA > HYDRA_ACTIVE > AA > AA > E_ACTIVATE > E_FIRST > E_CRIT > W > AA

Timeline:
    0.00s  AA            dmg=  255.6  heal=  67.0  vital(200.2)
    0.16s  Q             dmg=  265.7  heal=  67.2  AA-reset, vital(200.2)
    0.41s  AA            dmg=  292.2  heal=  67.0  vital(200.2), PtA-proc(36.6)
    0.58s  HYDRA_ACTIVE  dmg=   47.9  heal=   0.0  AA-reset, dmg(48)
    0.58s  AA            dmg=  276.1  heal=  67.1  vital(216.2)
    1.77s  AA            dmg=   59.8  heal=   1.5  
    1.94s  E_ACTIVATE    dmg=    0.0  heal=   0.0  instant, AA-reset
    1.94s  E_FIRST       dmg=   59.8  heal=   1.5  E-first
    2.99s  E_CRIT        dmg=  317.9  heal=  68.1  E-crit, vital(216.2)
    3.10s  W             dmg=   66.0  heal=   0.0  
    3.85s  AA            dmg=   59.8  heal=   1.5  

======================================================================
#4 DETAIL
======================================================================
Wit's End — PressTheAttack
Total: 1623.56 dmg | 405.89 DPS | 343.81 heal
Sequence: AA > E_ACTIVATE > E_FIRST > Q > E_CRIT > AA > AA > W > AA > AA

Timeline:
    0.00s  AA            dmg=  242.6  heal=  67.3  on-hit-M(25), vital(172.2)
    0.12s  E_ACTIVATE    dmg=    0.0  heal=   0.0  instant, AA-reset
    0.12s  E_FIRST       dmg=  242.6  heal=  67.3  E-first, on-hit-M(25), vital(172.2)
    0.21s  Q             dmg=  285.8  heal=  67.6  AA-reset, on-hit-M(25), vital(172.2), PtA-proc(34.4)
    0.46s  E_CRIT        dmg=  296.4  heal=  68.3  E-crit, on-hit-M(27), vital(186.0)
    1.12s  AA            dmg=   76.0  heal=   1.9  on-hit-M(27)
    2.02s  AA            dmg=   76.0  heal=   1.9  on-hit-M(27)
    2.14s  W             dmg=   66.0  heal=   0.0  
    2.91s  AA            dmg=  262.0  heal=  67.5  on-hit-M(27), vital(186.0)
    3.81s  AA            dmg=   76.0  heal=   1.9  on-hit-M(27)

======================================================================
#5 DETAIL
======================================================================
Titanic Hydra — PressTheAttack
Total: 1609.86 dmg | 402.47 DPS | 341.01 heal
Sequence: AA > Q > AA > HYDRA_ACTIVE > AA > AA > E_ACTIVATE > E_FIRST > E_CRIT > W > AA

Timeline:
    0.00s  AA            dmg=  242.8  heal=  67.0  on-hit-P(8), vital(186.2)
    0.16s  Q             dmg=  252.0  heal=  67.2  AA-reset, on-hit-P(8), vital(186.2)
    0.41s  AA            dmg=  277.2  heal=  67.0  on-hit-P(8), vital(186.2), PtA-proc(34.4)
    0.58s  HYDRA_ACTIVE  dmg=   26.9  heal=   0.0  AA-reset, dmg(27)
    0.58s  AA            dmg=  262.3  heal=  67.1  on-hit-P(9), vital(201.1)
    1.77s  AA            dmg=   61.2  heal=   1.5  on-hit-P(9)
    1.94s  E_ACTIVATE    dmg=    0.0  heal=   0.0  instant, AA-reset
    1.94s  E_FIRST       dmg=   61.2  heal=   1.5  E-first, on-hit-P(9)
    2.73s  E_CRIT        dmg=   98.0  heal=   2.5  E-crit, on-hit-P(9)
    2.99s  W             dmg=  267.1  heal=  65.6  vital(201.1)
    3.74s  AA            dmg=   61.2  heal=   1.5  on-hit-P(9)

======================================================================
#6 DETAIL
======================================================================
Voltaic Cyclosword — PressTheAttack
Total: 1547.09 dmg | 386.77 DPS | 339.18 heal
Sequence: AA > E_ACTIVATE > E_FIRST > Q > E_CRIT > AA > AA > W > AA

Timeline:
    0.00s  AA            dmg=  276.9  heal=  67.7  Energized(33), vital(193.2)
    0.15s  E_ACTIVATE    dmg=    0.0  heal=   0.0  instant, AA-reset
    0.15s  E_FIRST       dmg=  243.6  heal=  66.8  E-first, vital(193.2)
    0.25s  Q             dmg=  287.3  heal=  67.1  AA-reset, vital(193.2), PtA-proc(34.4)
    0.50s  E_CRIT        dmg=  301.2  heal=  67.9  E-crit, vital(208.7)
    1.24s  AA            dmg=   54.4  heal=   1.4  
    2.85s  AA            dmg=  263.1  heal=  67.0  vital(208.7)
    3.00s  W             dmg=   66.0  heal=   0.0  
    3.91s  AA            dmg=   54.4  heal=   1.4  

======================================================================
#7 DETAIL
======================================================================
Kraken Slayer — PressTheAttack
Total: 1537.13 dmg | 384.28 DPS | 341.67 heal
Sequence: AA > Q > AA > E_ACTIVATE > E_FIRST > E_CRIT > AA > W > AA > AA

Timeline:
    0.00s  AA            dmg=  217.6  heal=  66.7  vital(172.2)
    0.14s  Q             dmg=  226.5  heal=  67.0  AA-reset, vital(172.2)
    0.39s  AA            dmg=  311.4  heal=  68.2  Kraken(59), vital(172.2), PtA-proc(34.4)
    0.52s  E_ACTIVATE    dmg=    0.0  heal=   0.0  instant, AA-reset
    0.52s  E_FIRST       dmg=  235.0  heal=  66.8  E-first, vital(186.0)
    1.22s  E_CRIT        dmg=   83.4  heal=   2.1  E-crit
    1.93s  AA            dmg=  113.2  heal=   2.8  Kraken(64)
    2.06s  W             dmg=   66.0  heal=   0.0  
    2.92s  AA            dmg=  235.0  heal=  66.8  vital(186.0)
    3.90s  AA            dmg=   49.0  heal=   1.2  

======================================================================
#8 DETAIL
======================================================================
Death's Dance — PressTheAttack
Total: 1513.76 dmg | 378.44 DPS | 338.35 heal
Sequence: AA > E_ACTIVATE > E_FIRST > Q > E_CRIT > AA > AA > W > AA

Timeline:
    0.00s  AA            dmg=  243.6  heal=  66.8  vital(193.2)
    0.16s  E_ACTIVATE    dmg=    0.0  heal=   0.0  instant, AA-reset
    0.16s  E_FIRST       dmg=  243.6  heal=  66.8  E-first, vital(193.2)
    0.27s  Q             dmg=  287.3  heal=  67.1  AA-reset, vital(193.2), PtA-proc(34.4)
    0.52s  E_CRIT        dmg=  301.2  heal=  67.9  E-crit, vital(208.7)
    1.32s  AA            dmg=   54.4  heal=   1.4  
    2.52s  AA            dmg=   54.4  heal=   1.4  
    2.88s  W             dmg=  274.7  heal=  65.6  vital(208.7)
    3.71s  AA            dmg=   54.4  heal=   1.4  

======================================================================
#9 DETAIL
======================================================================
Experimental Hexplate — PressTheAttack
Total: 1513.76 dmg | 378.44 DPS | 338.35 heal
Sequence: AA > E_ACTIVATE > E_FIRST > Q > E_CRIT > AA > AA > W > AA

Timeline:
    0.00s  AA            dmg=  243.6  heal=  66.8  vital(193.2)
    0.16s  E_ACTIVATE    dmg=    0.0  heal=   0.0  instant, AA-reset
    0.16s  E_FIRST       dmg=  243.6  heal=  66.8  E-first, vital(193.2)
    0.27s  Q             dmg=  287.3  heal=  67.1  AA-reset, vital(193.2), PtA-proc(34.4)
    0.52s  E_CRIT        dmg=  301.2  heal=  67.9  E-crit, vital(208.7)
    1.32s  AA            dmg=   54.4  heal=   1.4  
    2.52s  AA            dmg=   54.4  heal=   1.4  
    2.88s  W             dmg=  274.7  heal=  65.6  vital(208.7)
    3.71s  AA            dmg=   54.4  heal=   1.4  

======================================================================
#10 DETAIL
======================================================================
Sundered Sky — PressTheAttack
Total: 1493.3 dmg | 373.33 DPS | 338.77 heal
Sequence: AA > E_ACTIVATE > E_FIRST > Q > E_CRIT > AA > AA > W > AA

Timeline:
    0.00s  AA            dmg=  264.2  heal=  67.5  SunderedSky(29), vital(186.2)
    0.16s  E_ACTIVATE    dmg=    0.0  heal=   0.0  instant, AA-reset
    0.16s  E_FIRST       dmg=  234.9  heal=  66.8  E-first, vital(186.2)
    0.27s  Q             dmg=  278.5  heal=  67.0  AA-reset, vital(186.2), PtA-proc(34.4)
    0.52s  E_CRIT        dmg=  290.6  heal=  67.8  E-crit, vital(201.1)
    1.32s  AA            dmg=   52.6  heal=   1.3  
    2.52s  AA            dmg=   52.6  heal=   1.3  
    2.88s  W             dmg=  267.1  heal=  65.6  vital(201.1)
    3.71s  AA            dmg=   52.6  heal=   1.3  
