======================================================================
BUILD OPTIMIZER LOG: 2026-02-13 16:38:08
======================================================================

Champion: Fiora Level 9
  AD: 96.2  AP: 0.0  HP: 1387.3  AR: 64.7  MR: 45.8
  AS: 0.839  Lethality: 0.0  Armor Pen %: 0%  Life Steal: 2%  Omnivamp: 0%
Target: HP=2500  Armor=120  MR=70
Time limit: 10.0s
Rune: PressTheAttack

======================================================================
RANKINGS
======================================================================
  # 1: Blade of the Ruined King                              276.4 DPS  ( 2764.2 dmg,  692.1 heal)
  # 2: Wit's End                                             258.9 DPS  ( 2588.7 dmg,  498.4 heal)
  # 3: Profane Hydra                                         252.3 DPS  ( 2523.2 dmg,  553.3 heal)
  # 4: Kraken Slayer                                         252.1 DPS  ( 2521.4 dmg,  496.2 heal)
  # 5: Ravenous Hydra                                        249.7 DPS  ( 2497.3 dmg,  660.2 heal)
  # 6: Voltaic Cyclosword                                    236.1 DPS  ( 2361.0 dmg,  551.3 heal)
  # 7: Titanic Hydra                                         234.0 DPS  ( 2340.0 dmg,  551.0 heal)
  # 8: Trinity Force                                         233.5 DPS  ( 2334.7 dmg,  555.2 heal)
  # 9: Death's Dance                                         228.8 DPS  ( 2288.3 dmg,  550.2 heal)
  #10: Maw of Malmortius                                     228.8 DPS  ( 2288.3 dmg,  550.2 heal)

======================================================================
#1 DETAIL
======================================================================
Blade of the Ruined King — PressTheAttack
Total: 2764.16 dmg | 276.42 DPS | 692.15 heal
Sequence: E_ACTIVATE > E_FIRST > E_CRIT > AA > Q > AA > AA > AA > AA > AA > W > R_ACTIVATE > AA > Q > AA > AA

Timeline:
    0.00s  E_ACTIVATE    dmg=    0.0  heal=   0.0  instant, AA-reset
    0.00s  E_FIRST       dmg=  287.2  heal=  82.8  E-first, BotRK(102), vital(123.0)
    0.74s  E_CRIT        dmg=  189.6  heal=  19.9  E-crit, BotRK(91)
    1.48s  AA            dmg=  191.6  heal=  15.2  BotRK(83), PtA-proc(46.9)
    2.35s  Q             dmg=  293.7  heal=  82.5  AA-reset, BotRK(81), vital(132.8)
    2.60s  AA            dmg=  134.8  heal=  14.2  BotRK(68)
    3.59s  AA            dmg=  128.9  heal=  13.5  BotRK(62)
    4.85s  AA            dmg=  256.0  heal=  78.5  BotRK(56), vital(132.8)
    5.84s  AA            dmg=  111.9  heal=  11.8  BotRK(45)
    6.83s  AA            dmg=  106.9  heal=  11.2  BotRK(40)
    6.97s  W             dmg=  202.7  heal=  65.6  vital(132.8)
    7.72s  R_ACTIVATE    dmg=    0.0  heal=   0.0  instant, 4-vitals
    8.22s  AA            dmg=  226.1  heal=  75.4  BotRK(26), vital(132.8)
    8.35s  Q             dmg=  229.1  heal=  75.7  AA-reset, BotRK(16), vital(132.8)
    8.60s  AA            dmg=  206.0  heal=  73.3  BotRK(6), vital(132.8)
    9.59s  AA            dmg=  199.7  heal=  72.6  BotRK(0), vital(132.8)

======================================================================
#2 DETAIL
======================================================================
Wit's End — PressTheAttack
Total: 2588.67 dmg | 258.87 DPS | 498.45 heal
Sequence: R_ACTIVATE > AA > Q > AA > E_ACTIVATE > E_FIRST > E_CRIT > AA > AA > AA > AA > W > AA > AA > AA > Q > AA > AA > AA

Timeline:
    0.00s  R_ACTIVATE    dmg=    0.0  heal=   0.0  instant, 4-vitals
    0.50s  AA            dmg=  211.4  heal=  67.8  on-hit-M(26), vital(123.0)
    0.62s  Q             dmg=  223.5  heal=  68.1  AA-reset, on-hit-M(26), vital(123.0)
    0.87s  AA            dmg=  258.3  heal=  67.8  on-hit-M(26), vital(123.0), PtA-proc(46.9)
    1.00s  E_ACTIVATE    dmg=    0.0  heal=   0.0  instant, AA-reset
    1.00s  E_FIRST       dmg=  228.3  heal=  68.0  E-first, on-hit-M(29), vital(132.8)
    1.68s  E_CRIT        dmg=  135.6  heal=   3.4  E-crit, on-hit-M(29)
    2.37s  AA            dmg=   95.5  heal=   2.4  on-hit-M(29)
    3.34s  AA            dmg=  228.3  heal=  68.0  on-hit-M(29), vital(132.8)
    4.24s  AA            dmg=   95.5  heal=   2.4  on-hit-M(29)
    5.14s  AA            dmg=   95.5  heal=   2.4  on-hit-M(29)
    5.26s  W             dmg=  202.7  heal=  65.6  vital(132.8)
    6.03s  AA            dmg=   95.5  heal=   2.4  on-hit-M(29)
    6.93s  AA            dmg=   95.5  heal=   2.4  on-hit-M(29)
    7.83s  AA            dmg=   95.5  heal=   2.4  on-hit-M(29)
    7.95s  Q             dmg=  241.3  heal=  68.3  AA-reset, on-hit-M(29), vital(132.8)
    8.20s  AA            dmg=   95.5  heal=   2.4  on-hit-M(29)
    9.10s  AA            dmg=   95.5  heal=   2.4  on-hit-M(29)
    9.99s  AA            dmg=   95.5  heal=   2.4  on-hit-M(29)

======================================================================
#3 DETAIL
======================================================================
Profane Hydra — PressTheAttack
Total: 2523.23 dmg | 252.32 DPS | 553.33 heal
Sequence: HYDRA_ACTIVE > E_ACTIVATE > E_FIRST > R_ACTIVATE > E_CRIT > W > AA > Q > AA > AA > AA > AA > AA > AA > AA > Q > AA

Timeline:
    0.00s  HYDRA_ACTIVE  dmg=   61.9  heal=   0.0  AA-reset, dmg(62)
    0.00s  E_ACTIVATE    dmg=    0.0  heal=   0.0  instant, AA-reset
    0.00s  E_FIRST       dmg=  220.3  heal=  67.5  E-first, vital(143.0)
    0.84s  R_ACTIVATE    dmg=    0.0  heal=   0.0  instant, 4-vitals
    0.84s  E_CRIT        dmg=  123.8  heal=   3.1  E-crit
    0.96s  W             dmg=  207.7  heal=  65.6  vital(143.0)
    1.71s  AA            dmg=  271.4  heal=  67.5  vital(143.0), PtA-proc(51.0)
    1.88s  Q             dmg=  253.2  heal=  68.1  AA-reset, vital(154.4)
    2.13s  AA            dmg=  238.0  heal=  67.7  vital(154.4)
    3.32s  AA            dmg=   83.5  heal=   2.1  
    4.54s  AA            dmg=  238.0  heal=  67.7  vital(154.4)
    5.73s  AA            dmg=   83.5  heal=   2.1  
    6.92s  AA            dmg=  238.0  heal=  67.7  vital(154.4)
    8.12s  AA            dmg=   83.5  heal=   2.1  
    9.31s  AA            dmg=  238.0  heal=  67.7  vital(154.4)
    9.47s  Q             dmg=   98.8  heal=   2.5  AA-reset
    9.72s  AA            dmg=   83.5  heal=   2.1  

======================================================================
#4 DETAIL
======================================================================
Kraken Slayer — PressTheAttack
Total: 2521.41 dmg | 252.14 DPS | 496.24 heal
Sequence: R_ACTIVATE > AA > Q > AA > E_ACTIVATE > E_FIRST > W > E_CRIT > AA > AA > AA > AA > AA > Q > AA > AA > AA > AA

Timeline:
    0.00s  R_ACTIVATE    dmg=    0.0  heal=   0.0  instant, 4-vitals
    0.00s  AA            dmg=   61.9  heal=   1.6  
    0.14s  Q             dmg=   74.0  heal=   1.9  AA-reset
    0.39s  AA            dmg=  312.8  heal=  69.2  Kraken(81), vital(123.0), PtA-proc(46.9)
    0.52s  E_ACTIVATE    dmg=    0.0  heal=   0.0  instant, AA-reset
    0.52s  E_FIRST       dmg=  199.7  heal=  67.3  E-first, vital(132.8)
    0.62s  W             dmg=  202.7  heal=  65.6  vital(132.8)
    1.37s  E_CRIT        dmg=  239.8  heal=  68.3  E-crit, vital(132.8)
    2.11s  AA            dmg=  154.4  heal=   3.9  Kraken(88)
    3.10s  AA            dmg=   66.9  heal=   1.7  
    4.09s  AA            dmg=  199.7  heal=  67.3  vital(132.8)
    5.08s  AA            dmg=  154.4  heal=   3.9  Kraken(88)
    6.07s  AA            dmg=   66.9  heal=   1.7  
    6.20s  Q             dmg=   79.9  heal=   2.0  AA-reset
    6.45s  AA            dmg=  287.2  heal=  69.5  Kraken(88), vital(132.8)
    7.44s  AA            dmg=   66.9  heal=   1.7  
    8.43s  AA            dmg=   66.9  heal=   1.7  
    9.42s  AA            dmg=  287.2  heal=  69.5  Kraken(88), vital(132.8)

======================================================================
#5 DETAIL
======================================================================
Ravenous Hydra — PressTheAttack
Total: 2497.29 dmg | 249.73 DPS | 660.18 heal
Sequence: HYDRA_ACTIVE > E_ACTIVATE > E_FIRST > R_ACTIVATE > E_CRIT > W > AA > Q > AA > AA > AA > AA > AA > AA > AA > Q > AA

Timeline:
    0.00s  HYDRA_ACTIVE  dmg=   58.6  heal=   0.0  AA-reset, dmg(59)
    0.00s  E_ACTIVATE    dmg=    0.0  heal=   0.0  instant, AA-reset
    0.00s  E_FIRST       dmg=  221.3  heal=  74.8  E-first, vital(148.0)
    0.84s  R_ACTIVATE    dmg=    0.0  heal=   0.0  instant, 4-vitals
    0.84s  E_CRIT        dmg=  117.3  heal=  14.7  E-crit
    0.96s  W             dmg=  212.7  heal=  65.6  vital(148.0)
    1.71s  AA            dmg=  268.2  heal=  74.8  vital(148.0), PtA-proc(46.9)
    1.88s  Q             dmg=  253.3  heal=  77.3  AA-reset, vital(159.8)
    2.13s  AA            dmg=  239.0  heal=  75.5  vital(159.8)
    3.32s  AA            dmg=   79.2  heal=   9.9  
    4.54s  AA            dmg=  239.0  heal=  75.5  vital(159.8)
    5.73s  AA            dmg=   79.2  heal=   9.9  
    6.95s  AA            dmg=  239.0  heal=  75.5  vital(159.8)
    8.15s  AA            dmg=   79.2  heal=   9.9  
    9.34s  AA            dmg=  239.0  heal=  75.5  vital(159.8)
    9.50s  Q             dmg=   93.4  heal=  11.7  AA-reset
    9.75s  AA            dmg=   79.2  heal=   9.9  

======================================================================
#6 DETAIL
======================================================================
Voltaic Cyclosword — PressTheAttack
Total: 2361.02 dmg | 236.1 DPS | 551.33 heal
Sequence: E_ACTIVATE > E_FIRST > E_CRIT > AA > Q > AA > AA > AA > AA > AA > R_ACTIVATE > W > AA > Q > AA > AA

Timeline:
    0.00s  E_ACTIVATE    dmg=    0.0  heal=   0.0  instant, AA-reset
    0.00s  E_FIRST       dmg=  252.2  heal=  68.5  E-first, Energized(45), vital(138.0)
    0.78s  E_CRIT        dmg=  110.0  heal=   2.8  E-crit
    1.55s  AA            dmg=  115.6  heal=   1.7  PtA-proc(46.9)
    2.36s  Q             dmg=  237.1  heal=  67.8  AA-reset, vital(149.0)
    2.61s  AA            dmg=   74.2  heal=   1.9  
    3.67s  AA            dmg=   74.2  heal=   1.9  
    4.86s  AA            dmg=  223.3  heal=  67.5  vital(149.0)
    5.92s  AA            dmg=   74.2  heal=   1.9  
    7.25s  AA            dmg=  223.3  heal=  67.5  vital(149.0)
    7.40s  R_ACTIVATE    dmg=    0.0  heal=   0.0  instant, 4-vitals
    7.40s  W             dmg=  218.9  heal=  65.6  vital(149.0)
    8.31s  AA            dmg=  223.3  heal=  67.5  vital(149.0)
    8.46s  Q             dmg=  237.1  heal=  67.8  AA-reset, vital(149.0)
    8.71s  AA            dmg=  223.3  heal=  67.5  vital(149.0)
    9.77s  AA            dmg=   74.2  heal=   1.9  

======================================================================
#7 DETAIL
======================================================================
Titanic Hydra — PressTheAttack
Total: 2340.04 dmg | 234.0 DPS | 551.0 heal
Sequence: HYDRA_ACTIVE > E_ACTIVATE > E_FIRST > E_CRIT > AA > Q > AA > AA > AA > AA > AA > R_ACTIVATE > W > Q > AA > AA

Timeline:
    0.00s  HYDRA_ACTIVE  dmg=   34.3  heal=   0.0  AA-reset, dmg(34)
    0.00s  E_ACTIVATE    dmg=    0.0  heal=   0.0  instant, AA-reset
    0.00s  E_FIRST       dmg=  210.3  heal=  67.5  E-first, on-hit-P(11), vital(133.0)
    0.84s  E_CRIT        dmg=  117.2  heal=   2.9  E-crit, on-hit-P(11)
    1.69s  AA            dmg=  124.2  heal=   1.9  on-hit-P(11), PtA-proc(46.9)
    1.85s  Q             dmg=   97.0  heal=   2.4  AA-reset, on-hit-P(12)
    2.37s  AA            dmg=  227.2  heal=  67.7  on-hit-P(12), vital(143.6)
    3.56s  AA            dmg=   83.5  heal=   2.1  on-hit-P(12)
    4.75s  AA            dmg=  227.2  heal=  67.7  on-hit-P(12), vital(143.6)
    5.94s  AA            dmg=   83.5  heal=   2.1  on-hit-P(12)
    7.13s  AA            dmg=  227.2  heal=  67.7  on-hit-P(12), vital(143.6)
    7.30s  R_ACTIVATE    dmg=    0.0  heal=   0.0  instant, 4-vitals
    7.30s  W             dmg=  213.5  heal=  65.6  vital(143.6)
    8.05s  Q             dmg=  240.7  heal=  68.0  AA-reset, on-hit-P(12), vital(143.6)
    8.30s  AA            dmg=  227.2  heal=  67.7  on-hit-P(12), vital(143.6)
    9.49s  AA            dmg=  227.2  heal=  67.7  on-hit-P(12), vital(143.6)

======================================================================
#8 DETAIL
======================================================================
Trinity Force — PressTheAttack
Total: 2334.72 dmg | 233.47 DPS | 555.16 heal
Sequence: E_ACTIVATE > E_FIRST > E_CRIT > Q > AA > AA > AA > R_ACTIVATE > W > AA > AA > AA > AA > Q > AA > AA

Timeline:
    0.00s  E_ACTIVATE    dmg=    0.0  heal=   0.0  instant, AA-reset
    0.00s  E_FIRST       dmg=  257.9  heal=  69.1  E-first, Spellblade(80), vital(118.0)
    2.35s  E_CRIT        dmg=  213.4  heal=  68.0  E-crit, vital(118.0)
    2.44s  Q             dmg=  198.6  heal=   3.8  AA-reset, Spellblade(80), PtA-proc(46.9)
    2.69s  AA            dmg=   64.4  heal=   1.6  
    3.63s  AA            dmg=   64.4  heal=   1.6  
    4.57s  AA            dmg=  191.9  heal=  67.2  vital(127.4)
    4.70s  R_ACTIVATE    dmg=    0.0  heal=   0.0  instant, 4-vitals
    4.70s  W             dmg=  197.3  heal=  65.6  vital(127.4)
    5.51s  AA            dmg=  278.5  heal=  69.4  Spellblade(87), vital(127.4)
    6.45s  AA            dmg=  191.9  heal=  67.2  vital(127.4)
    7.38s  AA            dmg=  191.9  heal=  67.2  vital(127.4)
    8.32s  AA            dmg=   64.4  heal=   1.6  
    8.45s  Q             dmg=  163.9  heal=   4.1  AA-reset, Spellblade(87)
    8.70s  AA            dmg=   64.4  heal=   1.6  
    9.64s  AA            dmg=  191.9  heal=  67.2  vital(127.4)

======================================================================
#9 DETAIL
======================================================================
Death's Dance — PressTheAttack
Total: 2288.31 dmg | 228.83 DPS | 550.19 heal
Sequence: E_ACTIVATE > E_FIRST > R_ACTIVATE > E_CRIT > W > AA > Q > AA > AA > AA > AA > AA > AA > AA > Q > AA

Timeline:
    0.00s  E_ACTIVATE    dmg=    0.0  heal=   0.0  instant, AA-reset
    0.00s  E_FIRST       dmg=  206.8  heal=  67.3  E-first, vital(138.0)
    0.84s  R_ACTIVATE    dmg=    0.0  heal=   0.0  instant, 4-vitals
    0.84s  E_CRIT        dmg=  110.0  heal=   2.8  E-crit
    0.96s  W             dmg=  202.7  heal=  65.6  vital(138.0)
    1.71s  AA            dmg=  253.6  heal=  67.3  vital(138.0), PtA-proc(46.9)
    1.88s  Q             dmg=  237.1  heal=  67.8  AA-reset, vital(149.0)
    2.13s  AA            dmg=  223.3  heal=  67.5  vital(149.0)
    3.32s  AA            dmg=   74.2  heal=   1.9  
    4.54s  AA            dmg=  223.3  heal=  67.5  vital(149.0)
    5.73s  AA            dmg=   74.2  heal=   1.9  
    6.95s  AA            dmg=  223.3  heal=  67.5  vital(149.0)
    8.15s  AA            dmg=   74.2  heal=   1.9  
    9.34s  AA            dmg=  223.3  heal=  67.5  vital(149.0)
    9.50s  Q             dmg=   88.0  heal=   2.2  AA-reset
    9.75s  AA            dmg=   74.2  heal=   1.9  

======================================================================
#10 DETAIL
======================================================================
Maw of Malmortius — PressTheAttack
Total: 2288.31 dmg | 228.83 DPS | 550.19 heal
Sequence: E_ACTIVATE > E_FIRST > R_ACTIVATE > E_CRIT > W > AA > Q > AA > AA > AA > AA > AA > AA > AA > Q > AA

Timeline:
    0.00s  E_ACTIVATE    dmg=    0.0  heal=   0.0  instant, AA-reset
    0.00s  E_FIRST       dmg=  206.8  heal=  67.3  E-first, vital(138.0)
    0.84s  R_ACTIVATE    dmg=    0.0  heal=   0.0  instant, 4-vitals
    0.84s  E_CRIT        dmg=  110.0  heal=   2.8  E-crit
    0.96s  W             dmg=  202.7  heal=  65.6  vital(138.0)
    1.71s  AA            dmg=  253.6  heal=  67.3  vital(138.0), PtA-proc(46.9)
    1.88s  Q             dmg=  237.1  heal=  67.8  AA-reset, vital(149.0)
    2.13s  AA            dmg=  223.3  heal=  67.5  vital(149.0)
    3.32s  AA            dmg=   74.2  heal=   1.9  
    4.54s  AA            dmg=  223.3  heal=  67.5  vital(149.0)
    5.73s  AA            dmg=   74.2  heal=   1.9  
    6.95s  AA            dmg=  223.3  heal=  67.5  vital(149.0)
    8.15s  AA            dmg=   74.2  heal=   1.9  
    9.34s  AA            dmg=  223.3  heal=  67.5  vital(149.0)
    9.50s  Q             dmg=   88.0  heal=   2.2  AA-reset
    9.75s  AA            dmg=   74.2  heal=   1.9  
